Using pre-set license
Built from '2020.2/release' branch; Version is '2020.2.2f1 (068178b99f32) revision 426360'; Using compiler version '192528614'; Build Type 'Release'
OS: 'Windows 10 Home; OS build 19042.867; Version 2009; 64bit' Language: 'de' Physical Memory: 16327 MB
BatchMode: 1, IsHumanControllingUs: 0, StartBugReporterOnCrash: 0, Is64bit: 1, IsPro: 0

 COMMAND LINE ARGUMENTS:
D:\UEditors\2020.2.2f1\Editor\Unity.exe
-adb2
-batchMode
-noUpm
-name
AssetImportWorker0
-projectPath
Y:/Schachdesaster 2/SchachusDesasterus
-logFile
Logs/AssetImportWorker0.log
-srvPort
58931
Successfully changed project path to: Y:/Schachdesaster 2/SchachusDesasterus
Y:/Schachdesaster 2/SchachusDesasterus
Using Asset Import Pipeline V2.
Refreshing native plugins compatible for Editor in 71.23 ms, found 1 plugins.
Preloading 0 native plugins for Editor in 0.00 ms.
Initialize engine version: 2020.2.2f1 (068178b99f32)
[Subsystems] Discovering subsystems at path D:/UEditors/2020.2.2f1/Editor/Data/Resources/UnitySubsystems
[Subsystems] Discovering subsystems at path Y:/Schachdesaster 2/SchachusDesasterus/Assets
GfxDevice: creating device client; threaded=0
Direct3D:
    Version:  Direct3D 11.0 [level 11.1]
    Renderer: NVIDIA GeForce GTX 970 (ID=0x13c2)
    Vendor:   
    VRAM:     4043 MB
    Driver:   27.21.14.6089
Initialize mono
Mono path[0] = 'D:/UEditors/2020.2.2f1/Editor/Data/Managed'
Mono path[1] = 'D:/UEditors/2020.2.2f1/Editor/Data/MonoBleedingEdge/lib/mono/unityjit'
Mono config path = 'D:/UEditors/2020.2.2f1/Editor/Data/MonoBleedingEdge/etc'
Using monoOptions --debugger-agent=transport=dt_socket,embedding=1,server=y,suspend=n,address=127.0.0.1:56924
Begin MonoManager ReloadAssembly
Registering precompiled unity dll's ...
Register platform support module: D:/UEditors/2020.2.2f1/Editor/Data/PlaybackEngines/WindowsStandaloneSupport/UnityEditor.WindowsStandalone.Extensions.dll
Registered in 0.001654 seconds.
Native extension for WindowsStandalone target not found
Refreshing native plugins compatible for Editor in 67.69 ms, found 1 plugins.
Preloading 0 native plugins for Editor in 0.00 ms.
Invoked RoslynAnalysisRunner static constructor.
RoslynAnalysisRunner will not be running.
RoslynAnalysisRunner has terminated.
Mono: successfully reloaded assembly
- Completed reload, in  1.598 seconds
Platform modules already initialized, skipping
Registering precompiled user dll's ...
Registered in 0.001311 seconds.
Begin MonoManager ReloadAssembly
Native extension for WindowsStandalone target not found
Refreshing native plugins compatible for Editor in 69.96 ms, found 1 plugins.
Preloading 0 native plugins for Editor in 0.00 ms.
Invoked RoslynAnalysisRunner static constructor.
RoslynAnalysisRunner will not be running.
RoslynAnalysisRunner has terminated.
Mono: successfully reloaded assembly
- Completed reload, in  1.530 seconds
Platform modules already initialized, skipping
========================================================================
Worker process is ready to serve import requests
Launched and connected shader compiler UnityShaderCompiler.exe after 0.05 seconds
Refreshing native plugins compatible for Editor in 0.48 ms, found 1 plugins.
Preloading 0 native plugins for Editor in 0.00 ms.
Unloading 2117 Unused Serialized files (Serialized files now loaded: 0)
System memory in use before: 115.0 MB.
System memory in use after: 115.0 MB.

Unloading 25 unused Assets to reduce memory usage. Loaded Objects now: 2585.
Total: 3.202200 ms (FindLiveObjects: 0.271300 ms CreateObjectMapping: 0.201900 ms MarkObjects: 2.517200 ms  DeleteObjects: 0.209900 ms)

========================================================================
Received Import Request.
  path: Assets/Scripts/ChessBoard.cs
  artifactKey: Guid(d3cda5f90aa72494c98a94d15561e006) Importer(815301076,1909f56bfc062723c751e8b465ee728b)
Start importing Assets/Scripts/ChessBoard.cs using Guid(d3cda5f90aa72494c98a94d15561e006) Importer(815301076,1909f56bfc062723c751e8b465ee728b)  -> (artifact id: 'c6c7c8751df0da82981d0617786f47d0') in 0.054822 seconds
  Import took 0.059154 seconds .

========================================================================
Received Import Request.
  Time since last request: 17.885710 seconds.
  path: Assets/Scripts/FENHandler.cs
  artifactKey: Guid(12c049d2307f45c4b8f5a57bdf39b854) Importer(815301076,1909f56bfc062723c751e8b465ee728b)
Start importing Assets/Scripts/FENHandler.cs using Guid(12c049d2307f45c4b8f5a57bdf39b854) Importer(815301076,1909f56bfc062723c751e8b465ee728b)  -> (artifact id: '86bb973bbbe63e6017a51142441d5df0') in 0.011950 seconds
  Import took 0.017908 seconds .

========================================================================
Received Import Request.
  Time since last request: 2.072095 seconds.
  path: Assets/Scripts/GameMngr.cs
  artifactKey: Guid(c944613e9b448a346be93135cec365bc) Importer(815301076,1909f56bfc062723c751e8b465ee728b)
Start importing Assets/Scripts/GameMngr.cs using Guid(c944613e9b448a346be93135cec365bc) Importer(815301076,1909f56bfc062723c751e8b465ee728b)  -> (artifact id: '5ce4007a0585785384a9bd751eb98884') in 0.009876 seconds
  Import took 0.016176 seconds .

========================================================================
Received Import Request.
  Time since last request: 0.004958 seconds.
  path: Assets/Scripts/GameMngr.cs
  artifactKey: Guid(c944613e9b448a346be93135cec365bc) Importer(815301076,1909f56bfc062723c751e8b465ee728b)
Start importing Assets/Scripts/GameMngr.cs using Guid(c944613e9b448a346be93135cec365bc) Importer(815301076,1909f56bfc062723c751e8b465ee728b)  -> (artifact id: '5ce4007a0585785384a9bd751eb98884') in 0.002419 seconds
  Import took 0.008306 seconds .

========================================================================
Received Import Request.
  Time since last request: 44.227227 seconds.
  path: Assets/Scripts/GameMngr.cs
  artifactKey: Guid(c944613e9b448a346be93135cec365bc) Importer(815301076,1909f56bfc062723c751e8b465ee728b)
Start importing Assets/Scripts/GameMngr.cs using Guid(c944613e9b448a346be93135cec365bc) Importer(815301076,1909f56bfc062723c751e8b465ee728b)  -> (artifact id: 'f12d1ce6fde2b5052f3d0d040c37fc33') in 0.165440 seconds
  Import took 0.178893 seconds .

